[16-Feb-2025 04:09:33 UTC] PHP Warning:  Undefined array key "HTTP_HOST" in C:\xampp\htdocs\DaguConnect-API_PHP\Seeders\Resume_Seed.php on line 39
[16-Feb-2025 04:09:33 UTC] PHP Warning:  Undefined array key "HTTP_HOST" in C:\xampp\htdocs\DaguConnect-API_PHP\Seeders\Resume_Seed.php on line 56
[16-Feb-2025 04:09:33 UTC] PHP Warning:  Undefined array key "HTTP_HOST" in C:\xampp\htdocs\DaguConnect-API_PHP\Seeders\Resume_Seed.php on line 72
[16-Feb-2025 04:09:33 UTC] PHP Warning:  Undefined array key "HTTP_HOST" in C:\xampp\htdocs\DaguConnect-API_PHP\Seeders\Resume_Seed.php on line 89
[16-Feb-2025 04:09:33 UTC] PHP Warning:  Undefined array key "HTTP_HOST" in C:\xampp\htdocs\DaguConnect-API_PHP\Seeders\Resume_Seed.php on line 106
[16-Feb-2025 04:09:33 UTC] PHP Warning:  Undefined array key "HTTP_HOST" in C:\xampp\htdocs\DaguConnect-API_PHP\Seeders\Resume_Seed.php on line 123
[16-Feb-2025 04:09:33 UTC] PHP Warning:  Undefined array key "HTTP_HOST" in C:\xampp\htdocs\DaguConnect-API_PHP\Seeders\Resume_Seed.php on line 139
[16-Feb-2025 04:09:33 UTC] PHP Warning:  Undefined array key "HTTP_HOST" in C:\xampp\htdocs\DaguConnect-API_PHP\Seeders\Resume_Seed.php on line 155
[16-Feb-2025 04:09:33 UTC] PHP Warning:  Undefined array key "HTTP_HOST" in C:\xampp\htdocs\DaguConnect-API_PHP\Seeders\Resume_Seed.php on line 172
[16-Feb-2025 04:09:33 UTC] PHP Warning:  Undefined array key "HTTP_HOST" in C:\xampp\htdocs\DaguConnect-API_PHP\Seeders\Resume_Seed.php on line 189
[16-Feb-2025 04:09:33 UTC] PHP Warning:  Undefined array key "HTTP_HOST" in C:\xampp\htdocs\DaguConnect-API_PHP\Seeders\Resume_Seed.php on line 205
[16-Feb-2025 04:09:33 UTC] PHP Warning:  Undefined array key "HTTP_HOST" in C:\xampp\htdocs\DaguConnect-API_PHP\Seeders\Resume_Seed.php on line 221
[16-Feb-2025 04:09:33 UTC] PHP Warning:  Undefined array key "HTTP_HOST" in C:\xampp\htdocs\DaguConnect-API_PHP\Seeders\clientbooking_Seed.php on line 32
[16-Feb-2025 04:09:33 UTC] PHP Warning:  Undefined array key "HTTP_HOST" in C:\xampp\htdocs\DaguConnect-API_PHP\Seeders\clientbooking_Seed.php on line 52
[16-Feb-2025 04:09:33 UTC] PHP Warning:  Undefined array key "HTTP_HOST" in C:\xampp\htdocs\DaguConnect-API_PHP\Seeders\clientbooking_Seed.php on line 71
[16-Feb-2025 04:09:33 UTC] PHP Warning:  Undefined array key "HTTP_HOST" in C:\xampp\htdocs\DaguConnect-API_PHP\Seeders\clientbooking_Seed.php on line 90
[16-Feb-2025 04:09:33 UTC] PHP Warning:  Undefined array key "HTTP_HOST" in C:\xampp\htdocs\DaguConnect-API_PHP\Seeders\clientbooking_Seed.php on line 109
[16-Feb-2025 04:11:16 UTC] PHP Warning:  Undefined array key "HTTP_HOST" in C:\xampp\htdocs\DaguConnect-API_PHP\Seeders\clientbooking_Seed.php on line 32
[16-Feb-2025 04:11:16 UTC] PHP Warning:  Undefined array key "HTTP_HOST" in C:\xampp\htdocs\DaguConnect-API_PHP\Seeders\clientbooking_Seed.php on line 52
[16-Feb-2025 04:11:16 UTC] PHP Warning:  Undefined array key "HTTP_HOST" in C:\xampp\htdocs\DaguConnect-API_PHP\Seeders\clientbooking_Seed.php on line 71
[16-Feb-2025 04:11:16 UTC] PHP Warning:  Undefined array key "HTTP_HOST" in C:\xampp\htdocs\DaguConnect-API_PHP\Seeders\clientbooking_Seed.php on line 90
[16-Feb-2025 04:11:16 UTC] PHP Warning:  Undefined array key "HTTP_HOST" in C:\xampp\htdocs\DaguConnect-API_PHP\Seeders\clientbooking_Seed.php on line 109
[18-Feb-2025 06:13:13 UTC] PHP Fatal error:  Uncaught PDOException: SQLSTATE[21S01]: Insert value list does not match column list: 1136 Column count doesn't match value count at row 1 in C:\xampp\htdocs\DaguConnect-API_PHP\Seeders\User_Seed.php:38
Stack trace:
#0 C:\xampp\htdocs\DaguConnect-API_PHP\Seeders\User_Seed.php(38): PDO->prepare('INSERT INTO use...')
#1 C:\xampp\htdocs\DaguConnect-API_PHP\Seeders\User_Seed.php(18): DaguConnect\Seeders\Seed->seedUser1()
#2 C:\xampp\htdocs\DaguConnect-API_PHP\Seeders\Seed.php(21): DaguConnect\Seeders\Seed->seed_user()
#3 C:\xampp\htdocs\DaguConnect-API_PHP\Seeders\Seed.php(17): DaguConnect\Seeders\Seed->seed_data()
#4 C:\xampp\htdocs\DaguConnect-API_PHP\migrate.php(16): DaguConnect\Seeders\Seed->__construct(Object(PDO))
#5 {main}
  thrown in C:\xampp\htdocs\DaguConnect-API_PHP\Seeders\User_Seed.php on line 38
[20-Feb-2025 12:02:35 UTC] PHP Fatal error:  Uncaught PDOException: SQLSTATE[42S22]: Column not found: 1054 Unknown column 'specialties' in 'field list' in C:\xampp\htdocs\DaguConnect-API_PHP\Seeders\Resume_Seed.php:36
Stack trace:
#0 C:\xampp\htdocs\DaguConnect-API_PHP\Seeders\Resume_Seed.php(36): PDO->prepare('INSERT INTO tra...')
#1 C:\xampp\htdocs\DaguConnect-API_PHP\Seeders\Resume_Seed.php(20): DaguConnect\Seeders\Seed->seedResume1('http://192.168....')
#2 C:\xampp\htdocs\DaguConnect-API_PHP\Seeders\Seed.php(50): DaguConnect\Seeders\Seed->seedResume()
#3 C:\xampp\htdocs\DaguConnect-API_PHP\Seeders\Seed.php(24): DaguConnect\Seeders\Seed->seed_data()
#4 C:\xampp\htdocs\DaguConnect-API_PHP\migrate.php(16): DaguConnect\Seeders\Seed->__construct(Object(PDO))
#5 {main}
  thrown in C:\xampp\htdocs\DaguConnect-API_PHP\Seeders\Resume_Seed.php on line 36
[20-Feb-2025 12:05:07 UTC] PHP Fatal error:  Uncaught PDOException: SQLSTATE[42S22]: Column not found: 1054 Unknown column 'specialties' in 'field list' in C:\xampp\htdocs\DaguConnect-API_PHP\Seeders\Resume_Seed.php:36
Stack trace:
#0 C:\xampp\htdocs\DaguConnect-API_PHP\Seeders\Resume_Seed.php(36): PDO->prepare('INSERT INTO tra...')
#1 C:\xampp\htdocs\DaguConnect-API_PHP\Seeders\Resume_Seed.php(20): DaguConnect\Seeders\Seed->seedResume1('http://192.168....')
#2 C:\xampp\htdocs\DaguConnect-API_PHP\Seeders\Seed.php(50): DaguConnect\Seeders\Seed->seedResume()
#3 C:\xampp\htdocs\DaguConnect-API_PHP\Seeders\Seed.php(24): DaguConnect\Seeders\Seed->seed_data()
#4 C:\xampp\htdocs\DaguConnect-API_PHP\migrate.php(16): DaguConnect\Seeders\Seed->__construct(Object(PDO))
#5 {main}
  thrown in C:\xampp\htdocs\DaguConnect-API_PHP\Seeders\Resume_Seed.php on line 36
