2025-03-09 12:55:59 pid:1 Error: Class "Workerman\Lib\Timer" not found in C:\xampp\htdocs\DaguConnect-API_PHP\WebSocket\start_websocket.php:35
Stack trace:
#0 C:\xampp\htdocs\DaguConnect-API_PHP\vendor\workerman\workerman\src\Worker.php(2571): {closure}(Object(Workerman\Worker))
#1 [internal function]: Workerman\Worker->Workerman\{closure}()
#2 C:\xampp\htdocs\DaguConnect-API_PHP\vendor\workerman\workerman\src\Worker.php(2586): Fiber->start()
#3 C:\xampp\htdocs\DaguConnect-API_PHP\vendor\workerman\workerman\src\Worker.php(1600): Workerman\Worker->run()
#4 C:\xampp\htdocs\DaguConnect-API_PHP\vendor\workerman\workerman\src\Worker.php(1526): Workerman\Worker::forkWorkersForWindows()
#5 C:\xampp\htdocs\DaguConnect-API_PHP\vendor\workerman\workerman\src\Worker.php(593): Workerman\Worker::forkWorkers()
#6 C:\xampp\htdocs\DaguConnect-API_PHP\WebSocket\start_websocket.php(43): Workerman\Worker::runAll()
#7 {main}
2025-03-10 13:44:47 pid:1 PDOException: SQLSTATE[HY093]: Invalid parameter number in C:\xampp\htdocs\DaguConnect-API_PHP\WebSocket\WebSocketServer.php:46
Stack trace:
#0 C:\xampp\htdocs\DaguConnect-API_PHP\WebSocket\WebSocketServer.php(46): PDOStatement->execute(Array)
#1 C:\xampp\htdocs\DaguConnect-API_PHP\WebSocket\start_websocket.php(25): DaguConnect\WebSocket\WebSocketServer::onMessage(Object(Workerman\Connection\TcpConnection), '{"type": "auth"...')
#2 C:\xampp\htdocs\DaguConnect-API_PHP\vendor\workerman\workerman\src\Connection\TcpConnection.php(748): {closure}(Object(Workerman\Connection\TcpConnection), '{"type": "auth"...')
#3 C:\xampp\htdocs\DaguConnect-API_PHP\vendor\workerman\workerman\src\Events\Select.php(408): Workerman\Connection\TcpConnection->baseRead(Resource id #61)
#4 C:\xampp\htdocs\DaguConnect-API_PHP\vendor\workerman\workerman\src\Worker.php(1601): Workerman\Events\Select->run()
#5 C:\xampp\htdocs\DaguConnect-API_PHP\vendor\workerman\workerman\src\Worker.php(1526): Workerman\Worker::forkWorkersForWindows()
#6 C:\xampp\htdocs\DaguConnect-API_PHP\vendor\workerman\workerman\src\Worker.php(593): Workerman\Worker::forkWorkers()
#7 C:\xampp\htdocs\DaguConnect-API_PHP\WebSocket\start_websocket.php(39): Workerman\Worker::runAll()
#8 {main}
2025-03-11 09:59:57 pid:1 PDOException: SQLSTATE[23000]: Integrity constraint violation: 1452 Cannot add or update a child row: a foreign key constraint fails (`daguconnect-db`.`messages`, CONSTRAINT `messages_ibfk_3` FOREIGN KEY (`chat_id`) REFERENCES `chats` (`id`) ON DELETE CASCADE) in C:\xampp\htdocs\DaguConnect-API_PHP\WebSocket\WebSocketServer.php:125
Stack trace:
#0 C:\xampp\htdocs\DaguConnect-API_PHP\WebSocket\WebSocketServer.php(125): PDOStatement->execute(Array)
#1 C:\xampp\htdocs\DaguConnect-API_PHP\WebSocket\start.php(25): DaguConnect\WebSocket\WebSocketServer->onMessage(Object(Workerman\Connection\TcpConnection), '{"type": "messa...')
#2 C:\xampp\htdocs\DaguConnect-API_PHP\vendor\workerman\workerman\src\Connection\TcpConnection.php(748): {closure}(Object(Workerman\Connection\TcpConnection), '{"type": "messa...')
#3 C:\xampp\htdocs\DaguConnect-API_PHP\vendor\workerman\workerman\src\Events\Select.php(408): Workerman\Connection\TcpConnection->baseRead(Resource id #104)
#4 C:\xampp\htdocs\DaguConnect-API_PHP\vendor\workerman\workerman\src\Worker.php(1601): Workerman\Events\Select->run()
#5 C:\xampp\htdocs\DaguConnect-API_PHP\vendor\workerman\workerman\src\Worker.php(1526): Workerman\Worker::forkWorkersForWindows()
#6 C:\xampp\htdocs\DaguConnect-API_PHP\vendor\workerman\workerman\src\Worker.php(593): Workerman\Worker::forkWorkers()
#7 C:\xampp\htdocs\DaguConnect-API_PHP\WebSocket\start.php(39): Workerman\Worker::runAll()
#8 {main}
2025-03-11 23:19:05 pid:1 PDOException: SQLSTATE[HY000]: General error: 2006 MySQL server has gone away in C:\xampp\htdocs\DaguConnect-API_PHP\WebSocket\WebSocketServer.php:87
Stack trace:
#0 C:\xampp\htdocs\DaguConnect-API_PHP\WebSocket\WebSocketServer.php(87): PDO->prepare('\r\n             ...')
#1 C:\xampp\htdocs\DaguConnect-API_PHP\WebSocket\start.php(25): DaguConnect\WebSocket\WebSocketServer->onMessage(Object(Workerman\Connection\TcpConnection), '{"type": "auth"...')
#2 C:\xampp\htdocs\DaguConnect-API_PHP\vendor\workerman\workerman\src\Connection\TcpConnection.php(748): {closure}(Object(Workerman\Connection\TcpConnection), '{"type": "auth"...')
#3 C:\xampp\htdocs\DaguConnect-API_PHP\vendor\workerman\workerman\src\Events\Select.php(408): Workerman\Connection\TcpConnection->baseRead(Resource id #163)
#4 C:\xampp\htdocs\DaguConnect-API_PHP\vendor\workerman\workerman\src\Worker.php(1601): Workerman\Events\Select->run()
#5 C:\xampp\htdocs\DaguConnect-API_PHP\vendor\workerman\workerman\src\Worker.php(1526): Workerman\Worker::forkWorkersForWindows()
#6 C:\xampp\htdocs\DaguConnect-API_PHP\vendor\workerman\workerman\src\Worker.php(593): Workerman\Worker::forkWorkers()
#7 C:\xampp\htdocs\DaguConnect-API_PHP\WebSocket\start.php(39): Workerman\Worker::runAll()
#8 {main}
2025-03-14 03:34:37 pid:1 RuntimeException: The requested address is not valid in its context in C:\xampp\htdocs\DaguConnect-API_PHP\vendor\workerman\workerman\src\Worker.php:2398
Stack trace:
#0 C:\xampp\htdocs\DaguConnect-API_PHP\vendor\workerman\workerman\src\Worker.php(1599): Workerman\Worker->listen()
#1 C:\xampp\htdocs\DaguConnect-API_PHP\vendor\workerman\workerman\src\Worker.php(1526): Workerman\Worker::forkWorkersForWindows()
#2 C:\xampp\htdocs\DaguConnect-API_PHP\vendor\workerman\workerman\src\Worker.php(593): Workerman\Worker::forkWorkers()
#3 C:\xampp\htdocs\DaguConnect-API_PHP\WebSocket\start.php(39): Workerman\Worker::runAll()
#4 {main}
2025-03-14 03:34:37 pid:1 Worker process terminated
2025-03-22 12:38:25 pid:1 RuntimeException: The requested address is not valid in its context in C:\xampp\htdocs\DaguConnect-API_PHP\vendor\workerman\workerman\src\Worker.php:2398
Stack trace:
#0 C:\xampp\htdocs\DaguConnect-API_PHP\vendor\workerman\workerman\src\Worker.php(1599): Workerman\Worker->listen()
#1 C:\xampp\htdocs\DaguConnect-API_PHP\vendor\workerman\workerman\src\Worker.php(1526): Workerman\Worker::forkWorkersForWindows()
#2 C:\xampp\htdocs\DaguConnect-API_PHP\vendor\workerman\workerman\src\Worker.php(593): Workerman\Worker::forkWorkers()
#3 C:\xampp\htdocs\DaguConnect-API_PHP\WebSocket\start.php(39): Workerman\Worker::runAll()
#4 {main}
2025-03-22 12:38:25 pid:1 Worker process terminated
2025-03-23 04:28:52 pid:1 RuntimeException: The requested address is not valid in its context in C:\xampp\htdocs\DaguConnect-API_PHP\vendor\workerman\workerman\src\Worker.php:2398
Stack trace:
#0 C:\xampp\htdocs\DaguConnect-API_PHP\vendor\workerman\workerman\src\Worker.php(1599): Workerman\Worker->listen()
#1 C:\xampp\htdocs\DaguConnect-API_PHP\vendor\workerman\workerman\src\Worker.php(1526): Workerman\Worker::forkWorkersForWindows()
#2 C:\xampp\htdocs\DaguConnect-API_PHP\vendor\workerman\workerman\src\Worker.php(593): Workerman\Worker::forkWorkers()
#3 C:\xampp\htdocs\DaguConnect-API_PHP\WebSocket\start.php(39): Workerman\Worker::runAll()
#4 {main}
2025-03-23 04:28:52 pid:1 Worker process terminated
2025-03-23 04:28:54 pid:1 RuntimeException: The requested address is not valid in its context in C:\xampp\htdocs\DaguConnect-API_PHP\vendor\workerman\workerman\src\Worker.php:2398
Stack trace:
#0 C:\xampp\htdocs\DaguConnect-API_PHP\vendor\workerman\workerman\src\Worker.php(1599): Workerman\Worker->listen()
#1 C:\xampp\htdocs\DaguConnect-API_PHP\vendor\workerman\workerman\src\Worker.php(1526): Workerman\Worker::forkWorkersForWindows()
#2 C:\xampp\htdocs\DaguConnect-API_PHP\vendor\workerman\workerman\src\Worker.php(593): Workerman\Worker::forkWorkers()
#3 C:\xampp\htdocs\DaguConnect-API_PHP\WebSocket\start.php(39): Workerman\Worker::runAll()
#4 {main}
2025-03-23 04:28:54 pid:1 Worker process terminated
